           Time    Speed        Read     Read   Mapped   Mapped   Mapped   Mapped Unmapped Unmapped Unmapped Unmapped
                    M/hr      number   length   unique   length   MMrate    multi   multi+       MM    short    other
Nov 23 17:13:22	Started 1st pass mapping
Nov 23 17:13:37     26.9      111897       91    78.6%     90.3     0.4%    14.9%     0.4%     0.0%     5.9%     0.2%
Nov 23 17:14:49     27.7      669307       91    78.7%     90.3     0.4%    14.7%     0.5%     0.0%     5.9%     0.2%
Nov 23 17:15:50     27.1     1114803       91    78.6%     90.3     0.4%    14.7%     0.5%     0.0%     6.0%     0.2%
Nov 23 17:16:52     26.7     1559072       91    78.6%     90.3     0.4%    14.7%     0.5%     0.0%     6.0%     0.2%
Nov 23 17:17:53     26.6     2003335       91    78.6%     90.3     0.4%    14.7%     0.5%     0.0%     5.9%     0.2%
Nov 23 17:18:53     26.6     2447600       91    78.6%     90.3     0.4%    14.7%     0.5%     0.0%     6.0%     0.2%
Nov 23 17:19:54     26.6     2891863       91    78.6%     90.3     0.4%    14.8%     0.5%     0.0%     6.0%     0.2%
Nov 23 17:20:55     26.5     3336132       91    78.6%     90.3     0.4%    14.7%     0.5%     0.0%     6.0%     0.2%
Nov 23 17:22:09     26.6     3891470       91    78.6%     90.3     0.4%    14.7%     0.5%     0.0%     6.0%     0.2%
Nov 23 17:23:22     26.7     4446797       91    78.6%     90.3     0.4%    14.8%     0.5%     0.0%     6.0%     0.2%
Nov 23 17:24:24     26.6     4891063       91    78.6%     90.3     0.4%    14.8%     0.5%     0.0%     6.0%     0.2%
Nov 23 17:25:24     26.6     5335325       91    78.6%     90.3     0.4%    14.8%     0.5%     0.0%     6.0%     0.2%
Nov 23 17:26:25     26.6     5779589       91    78.6%     90.3     0.4%    14.8%     0.5%     0.0%     6.0%     0.2%
Nov 23 17:27:25     26.6     6223861       91    78.6%     90.3     0.4%    14.8%     0.5%     0.0%     6.0%     0.2%
Nov 23 17:28:26     26.6     6668119       91    78.6%     90.3     0.4%    14.8%     0.5%     0.0%     5.9%     0.2%
Nov 23 17:29:33     26.4     7112387       91    78.6%     90.3     0.4%    14.8%     0.5%     0.0%     5.9%     0.2%
Nov 23 17:30:35     26.3     7556649       91    78.6%     90.3     0.4%    14.8%     0.5%     0.0%     6.0%     0.2%
Nov 23 17:31:49     26.4     8111980       91    78.6%     90.3     0.4%    14.8%     0.5%     0.0%     6.0%     0.2%
Nov 23 17:32:59     26.5     8667306       91    78.6%     90.3     0.4%    14.8%     0.5%     0.0%     6.0%     0.2%
Nov 23 17:34:09     26.6     9222642       91    78.6%     90.3     0.4%    14.8%     0.5%     0.0%     6.0%     0.2%
Nov 23 17:35:19     26.7     9777974       91    78.6%     90.3     0.4%    14.8%     0.5%     0.0%     6.0%     0.2%
Nov 23 17:36:28     26.8    10332071       91    78.6%     90.3     0.4%    14.8%     0.5%     0.0%     6.0%     0.2%
Nov 23 17:37:42     26.8    10885350       91    78.6%     90.3     0.4%    14.8%     0.5%     0.0%     6.0%     0.2%
Nov 23 17:38:55     26.9    11438625       91    78.5%     90.3     0.4%    14.7%     0.5%     0.0%     6.0%     0.2%
Nov 23 17:40:07     26.9    11991901       91    78.5%     90.3     0.4%    14.7%     0.5%     0.0%     6.0%     0.2%
Nov 23 17:41:18     26.9    12545185       91    78.5%     90.3     0.4%    14.7%     0.5%     0.0%     6.0%     0.2%
Nov 23 17:42:19     26.9    12987803       91    78.5%     90.3     0.4%    14.7%     0.5%     0.0%     6.0%     0.2%
Nov 23 17:43:19     26.9    13430425       91    78.5%     90.3     0.4%    14.7%     0.5%     0.0%     6.0%     0.2%
Nov 23 17:44:33     26.9    13983702       91    78.5%     90.3     0.4%    14.7%     0.5%     0.0%     6.1%     0.2%
Nov 23 17:45:45     26.9    14536974       91    78.5%     90.3     0.4%    14.7%     0.5%     0.0%     6.1%     0.2%
Nov 23 17:46:55     27.0    15090259       91    78.5%     90.3     0.4%    14.7%     0.5%     0.0%     6.1%     0.2%
Nov 23 17:48:06     27.0    15643537       91    78.5%     90.3     0.4%    14.7%     0.5%     0.0%     6.1%     0.2%
Nov 23 17:49:15     27.1    16196816       91    78.5%     90.3     0.4%    14.7%     0.5%     0.0%     6.1%     0.2%
Nov 23 17:50:24     27.1    16750091       91    78.5%     90.3     0.4%    14.7%     0.5%     0.0%     6.1%     0.2%
Nov 23 17:51:34     27.2    17303379       91    78.5%     90.3     0.4%    14.7%     0.5%     0.0%     6.1%     0.2%
Nov 23 17:52:44     27.2    17856662       91    78.5%     90.3     0.4%    14.7%     0.5%     0.0%     6.1%     0.2%
Nov 23 17:53:54     27.3    18409943       91    78.5%     90.3     0.4%    14.7%     0.5%     0.0%     6.1%     0.2%
Nov 23 17:55:04     27.3    18963230       91    78.5%     90.3     0.4%    14.7%     0.5%     0.0%     6.1%     0.2%
Nov 23 17:56:14     27.3    19516512       91    78.5%     90.3     0.4%    14.7%     0.5%     0.0%     6.1%     0.2%
Nov 23 17:57:23     27.4    20069796       91    78.5%     90.3     0.4%    14.7%     0.5%     0.0%     6.1%     0.2%
Nov 23 17:58:33     27.4    20623084       91    78.5%     90.3     0.4%    14.7%     0.5%     0.0%     6.1%     0.2%
Nov 23 17:59:42     27.4    21176366       91    78.5%     90.3     0.4%    14.7%     0.5%     0.0%     6.1%     0.2%
Nov 23 18:00:53     27.4    21729656       91    78.5%     90.3     0.4%    14.7%     0.5%     0.0%     6.1%     0.2%
Nov 23 18:02:03     27.5    22282939       91    78.5%     90.3     0.4%    14.7%     0.5%     0.0%     6.1%     0.2%
Nov 23 18:03:13     27.5    22836219       91    78.5%     90.3     0.4%    14.7%     0.5%     0.0%     6.1%     0.2%
Nov 23 18:04:25     27.5    23389509       91    78.5%     90.3     0.4%    14.7%     0.5%     0.0%     6.1%     0.2%
Nov 23 18:05:38     27.5    23942778       91    78.5%     90.3     0.4%    14.7%     0.5%     0.0%     6.1%     0.2%
Nov 23 18:06:50     27.5    24496063       91    78.5%     90.3     0.4%    14.7%     0.5%     0.0%     6.0%     0.2%
Nov 23 18:08:01     27.5    25049349       91    78.5%     90.3     0.4%    14.7%     0.5%     0.0%     6.0%     0.2%
Nov 23 18:09:11     27.5    25602634       91    78.5%     90.3     0.4%    14.7%     0.5%     0.0%     6.0%     0.2%
Nov 23 18:10:21     27.5    26155924       91    78.5%     90.3     0.4%    14.7%     0.5%     0.0%     6.0%     0.2%
Nov 23 18:11:30     27.6    26709195       91    78.5%     90.3     0.4%    14.7%     0.5%     0.0%     6.0%     0.2%
Nov 23 18:12:43     27.6    27262487       91    78.5%     90.3     0.4%    14.7%     0.5%     0.0%     6.0%     0.2%
Nov 23 18:13:55     27.6    27815774       91    78.5%     90.3     0.4%    14.7%     0.5%     0.0%     6.0%     0.2%
Nov 23 18:15:05     27.6    28369055       91    78.5%     90.3     0.4%    14.7%     0.5%     0.0%     6.1%     0.2%
Nov 23 18:16:15     27.6    28922340       91    78.5%     90.3     0.4%    14.7%     0.5%     0.0%     6.1%     0.2%
Nov 23 18:17:26     27.6    29475624       91    78.5%     90.3     0.4%    14.7%     0.5%     0.0%     6.1%     0.2%
Nov 23 18:18:40     27.6    30028910       91    78.5%     90.3     0.4%    14.7%     0.5%     0.0%     6.1%     0.2%
Nov 23 18:19:53     27.6    30582196       91    78.5%     90.3     0.4%    14.7%     0.5%     0.0%     6.1%     0.2%
Nov 23 18:21:04     27.6    31135477       91    78.5%     90.3     0.4%    14.7%     0.5%     0.0%     6.1%     0.2%
Nov 23 18:22:16     27.6    31688758       91    78.5%     90.3     0.4%    14.7%     0.5%     0.0%     6.1%     0.2%
Nov 23 18:23:26     27.6    32242041       91    78.5%     90.3     0.4%    14.7%     0.5%     0.0%     6.1%     0.2%
Nov 23 18:24:36     27.6    32795325       91    78.5%     90.3     0.4%    14.7%     0.5%     0.0%     6.1%     0.2%
Nov 23 18:25:46     27.6    33348615       91    78.5%     90.3     0.4%    14.7%     0.5%     0.0%     6.1%     0.2%
Nov 23 18:26:55     27.7    33901895       91    78.5%     90.3     0.4%    14.7%     0.5%     0.0%     6.1%     0.2%
Nov 23 18:28:04     27.7    34455183       91    78.5%     90.3     0.4%    14.7%     0.5%     0.0%     6.1%     0.2%
Nov 23 18:28:38	Finished 1st pass mapping
Nov 23 18:35:23     26.8      446344       91    81.2%     90.7     0.4%    12.3%     0.5%     0.0%     5.8%     0.2%
Nov 23 18:36:35     27.4     1003729       91    81.2%     90.7     0.4%    12.4%     0.5%     0.0%     5.8%     0.2%
Nov 23 18:37:49     27.2     1559072       91    81.1%     90.7     0.4%    12.4%     0.5%     0.0%     5.8%     0.2%
Nov 23 18:39:02     27.3     2114403       91    81.2%     90.7     0.4%    12.4%     0.5%     0.0%     5.8%     0.2%
Nov 23 18:40:14     27.4     2669737       91    81.1%     90.7     0.4%    12.4%     0.5%     0.0%     5.8%     0.2%
Nov 23 18:41:26     27.4     3225072       91    81.1%     90.7     0.4%    12.4%     0.5%     0.0%     5.8%     0.2%
Nov 23 18:42:37     27.5     3780397       91    81.1%     90.7     0.4%    12.4%     0.5%     0.0%     5.8%     0.2%
Nov 23 18:43:50     27.5     4335733       91    81.1%     90.7     0.4%    12.4%     0.5%     0.0%     5.8%     0.2%
Nov 23 18:45:03     27.5     4891063       91    81.1%     90.7     0.4%    12.4%     0.5%     0.0%     5.8%     0.2%
Nov 23 18:46:17     27.5     5446390       91    81.1%     90.7     0.4%    12.4%     0.5%     0.0%     5.8%     0.2%
Nov 23 18:47:30     27.5     6001738       91    81.1%     90.7     0.4%    12.4%     0.5%     0.0%     5.8%     0.2%
Nov 23 18:48:42     27.5     6557054       91    81.1%     90.7     0.4%    12.4%     0.5%     0.0%     5.8%     0.2%
Nov 23 18:49:55     27.5     7112387       91    81.1%     90.7     0.4%    12.4%     0.5%     0.0%     5.8%     0.2%
Nov 23 18:50:58     27.3     7556649       91    81.1%     90.7     0.4%    12.4%     0.5%     0.0%     5.8%     0.2%
Nov 23 18:51:59     27.3     8000916       91    81.1%     90.7     0.4%    12.4%     0.5%     0.0%     5.8%     0.2%
Nov 23 18:53:00     27.2     8445182       91    81.1%     90.7     0.4%    12.4%     0.5%     0.0%     5.8%     0.2%
Nov 23 18:54:02     27.1     8889442       91    81.1%     90.7     0.4%    12.4%     0.5%     0.0%     5.8%     0.2%
Nov 23 18:55:02     27.1     9333705       91    81.1%     90.7     0.4%    12.4%     0.5%     0.0%     5.8%     0.2%
Nov 23 18:56:06     27.0     9777974       91    81.1%     90.7     0.4%    12.4%     0.5%     0.0%     5.8%     0.2%
Nov 23 18:57:10     26.9    10221409       91    81.1%     90.7     0.4%    12.4%     0.5%     0.0%     5.8%     0.2%
Nov 23 18:58:13     26.8    10664038       91    81.1%     90.7     0.4%    12.4%     0.5%     0.0%     5.8%     0.2%
Nov 23 18:59:16     26.8    11106660       91    81.1%     90.7     0.4%    12.4%     0.5%     0.0%     5.8%     0.2%
Nov 23 19:00:20     26.7    11549277       91    81.1%     90.7     0.4%    12.4%     0.5%     0.0%     5.8%     0.2%
Nov 23 19:01:23     26.6    11991901       91    81.1%     90.7     0.4%    12.4%     0.5%     0.0%     5.9%     0.2%
Nov 23 19:02:26     26.6    12434523       91    81.1%     90.7     0.4%    12.4%     0.5%     0.0%     5.9%     0.2%
Nov 23 19:03:28     26.6    12877157       91    81.1%     90.7     0.4%    12.4%     0.5%     0.0%     5.9%     0.2%
Nov 23 19:04:31     26.5    13319776       91    81.1%     90.7     0.4%    12.4%     0.5%     0.0%     5.9%     0.2%
Nov 23 19:05:39     26.4    13762391       91    81.1%     90.7     0.4%    12.4%     0.5%     0.0%     5.9%     0.2%
Nov 23 19:06:45     26.3    14205013       91    81.1%     90.7     0.4%    12.4%     0.5%     0.0%     5.9%     0.2%
Nov 23 19:07:48     26.3    14647628       91    81.0%     90.7     0.4%    12.4%     0.5%     0.0%     5.9%     0.2%
Nov 23 19:08:50     26.3    15090259       91    81.0%     90.7     0.4%    12.4%     0.5%     0.0%     5.9%     0.2%
Nov 23 19:09:56     26.2    15532882       91    81.0%     90.7     0.4%    12.4%     0.5%     0.0%     5.9%     0.2%
Nov 23 19:11:02     26.2    15975504       91    81.0%     90.7     0.4%    12.4%     0.5%     0.0%     5.9%     0.2%
Nov 23 19:12:06     26.1    16418130       91    81.0%     90.7     0.4%    12.4%     0.5%     0.0%     5.9%     0.2%
Nov 23 19:13:08     26.1    16860748       91    81.0%     90.7     0.4%    12.4%     0.5%     0.0%     5.9%     0.2%
Nov 23 19:14:11     26.1    17303379       91    81.0%     90.7     0.4%    12.4%     0.5%     0.0%     5.9%     0.2%
Nov 23 19:15:15     26.1    17746005       91    81.0%     90.7     0.4%    12.4%     0.5%     0.0%     5.9%     0.2%
Nov 23 19:16:21     26.0    18188634       91    81.0%     90.7     0.4%    12.4%     0.5%     0.0%     5.9%     0.2%
Nov 23 19:17:25     26.0    18631256       91    81.0%     90.7     0.4%    12.4%     0.5%     0.0%     5.9%     0.2%
Nov 23 19:18:28     26.0    19073889       91    81.0%     90.7     0.4%    12.4%     0.5%     0.0%     5.9%     0.2%
Nov 23 19:19:32     25.9    19516512       91    81.0%     90.7     0.4%    12.4%     0.5%     0.0%     5.9%     0.2%
Nov 23 19:20:35     25.9    19959144       91    81.0%     90.7     0.4%    12.4%     0.5%     0.0%     5.9%     0.2%
Nov 23 19:21:37     25.9    20401770       91    81.0%     90.7     0.4%    12.4%     0.5%     0.0%     5.9%     0.2%
Nov 23 19:22:39     25.9    20844398       91    81.0%     90.7     0.4%    12.4%     0.5%     0.0%     5.9%     0.2%
Nov 23 19:23:42     25.9    21287029       91    81.0%     90.7     0.4%    12.4%     0.5%     0.0%     5.9%     0.2%
Nov 23 19:24:47     25.9    21729656       91    81.0%     90.7     0.4%    12.4%     0.5%     0.0%     5.9%     0.2%
Nov 23 19:25:51     25.8    22172274       91    81.0%     90.7     0.4%    12.4%     0.5%     0.0%     5.9%     0.2%
Nov 23 19:26:54     25.8    22614907       91    81.0%     90.7     0.4%    12.4%     0.5%     0.0%     5.9%     0.2%
Nov 23 19:27:59     25.8    23057537       91    81.0%     90.7     0.4%    12.4%     0.5%     0.0%     5.9%     0.2%
Nov 23 19:29:04     25.8    23500166       91    81.1%     90.7     0.4%    12.4%     0.5%     0.0%     5.9%     0.2%
Nov 23 19:30:09     25.8    23942778       91    81.1%     90.7     0.4%    12.4%     0.5%     0.0%     5.9%     0.2%
Nov 23 19:31:13     25.7    24385408       91    81.1%     90.7     0.4%    12.4%     0.5%     0.0%     5.9%     0.2%
Nov 23 19:32:15     25.7    24828033       91    81.1%     90.7     0.4%    12.4%     0.5%     0.0%     5.9%     0.2%
Nov 23 19:33:17     25.7    25270657       91    81.1%     90.7     0.4%    12.4%     0.5%     0.0%     5.9%     0.2%
Nov 23 19:34:19     25.7    25713291       91    81.1%     90.7     0.4%    12.4%     0.5%     0.0%     5.9%     0.2%
Nov 23 19:35:20     25.7    26155924       91    81.1%     90.7     0.4%    12.4%     0.5%     0.0%     5.9%     0.2%
Nov 23 19:36:21     25.8    26598545       91    81.1%     90.7     0.4%    12.4%     0.5%     0.0%     5.9%     0.2%
Nov 23 19:37:22     25.8    27041173       91    81.1%     90.7     0.4%    12.4%     0.5%     0.0%     5.9%     0.2%
Nov 23 19:38:22     25.8    27483805       91    81.1%     90.7     0.4%    12.4%     0.5%     0.0%     5.9%     0.2%
Nov 23 19:39:23     25.8    27926429       91    81.1%     90.7     0.4%    12.4%     0.5%     0.0%     5.9%     0.2%
Nov 23 19:40:23     25.8    28369055       91    81.1%     90.7     0.4%    12.4%     0.5%     0.0%     5.9%     0.2%
Nov 23 19:41:23     25.8    28811681       91    81.1%     90.7     0.4%    12.4%     0.5%     0.0%     5.9%     0.2%
Nov 23 19:42:27     25.8    29254304       91    81.1%     90.7     0.4%    12.4%     0.5%     0.0%     5.9%     0.2%
Nov 23 19:43:30     25.8    29696936       91    81.1%     90.7     0.4%    12.4%     0.5%     0.0%     5.9%     0.2%
Nov 23 19:44:32     25.8    30139568       91    81.1%     90.7     0.4%    12.4%     0.5%     0.0%     5.9%     0.2%
Nov 23 19:45:37     25.8    30582196       91    81.1%     90.7     0.4%    12.4%     0.5%     0.0%     5.9%     0.2%
Nov 23 19:46:40     25.8    31024818       91    81.0%     90.7     0.4%    12.4%     0.5%     0.0%     5.9%     0.2%
Nov 23 19:47:43     25.7    31467448       91    81.0%     90.7     0.4%    12.4%     0.5%     0.0%     5.9%     0.2%
Nov 23 19:48:45     25.7    31910071       91    81.0%     90.7     0.4%    12.4%     0.5%     0.0%     5.9%     0.2%
Nov 23 19:49:46     25.8    32352700       91    81.0%     90.7     0.4%    12.4%     0.5%     0.0%     5.9%     0.2%
Nov 23 19:50:47     25.8    32795325       91    81.0%     90.7     0.4%    12.4%     0.5%     0.0%     5.9%     0.2%
Nov 23 19:51:47     25.8    33237957       91    81.0%     90.7     0.4%    12.4%     0.5%     0.0%     5.9%     0.2%
Nov 23 19:52:47     25.8    33680581       91    81.0%     90.7     0.4%    12.4%     0.5%     0.0%     5.9%     0.2%
Nov 23 19:53:49     25.8    34123214       91    81.0%     90.7     0.4%    12.4%     0.5%     0.0%     5.9%     0.2%
Nov 23 19:54:50     25.8    34565837       91    81.0%     90.7     0.4%    12.4%     0.5%     0.0%     5.9%     0.2%
Nov 23 20:01:18     24.0    34716372       91    81.0%     90.7     0.4%    12.4%     0.5%     0.0%     5.9%     0.2%
ALL DONE!
