           Time    Speed        Read     Read   Mapped   Mapped   Mapped   Mapped Unmapped Unmapped Unmapped Unmapped
                    M/hr      number   length   unique   length   MMrate    multi   multi+       MM    short    other
Nov 23 17:13:22	Started 1st pass mapping
Nov 23 17:14:45      4.9      111895       91    90.8%     89.8     0.8%     3.5%     0.0%     0.0%     5.6%     0.1%
Nov 23 17:15:52     10.7      446338       91    90.8%     89.8     0.8%     3.5%     0.0%     0.0%     5.6%     0.1%
Nov 23 17:17:00     16.6     1003722       91    90.8%     89.8     0.8%     3.5%     0.0%     0.0%     5.6%     0.1%
Nov 23 17:18:06     19.8     1559053       91    90.8%     89.8     0.8%     3.5%     0.0%     0.0%     5.6%     0.1%
Nov 23 17:19:10     21.9     2114388       91    90.7%     89.8     0.8%     3.5%     0.0%     0.0%     5.6%     0.1%
Nov 23 17:20:15     23.3     2669718       91    90.7%     89.8     0.8%     3.5%     0.0%     0.0%     5.6%     0.1%
Nov 23 17:21:21     24.2     3225047       91    90.7%     89.8     0.8%     3.5%     0.0%     0.0%     5.6%     0.1%
Nov 23 17:22:27     25.0     3780380       91    90.8%     89.8     0.8%     3.5%     0.0%     0.0%     5.6%     0.1%
Nov 23 17:23:33     25.5     4335709       91    90.7%     89.8     0.8%     3.5%     0.0%     0.0%     5.6%     0.1%
Nov 23 17:24:42     25.9     4891044       91    90.7%     89.8     0.8%     3.5%     0.0%     0.0%     5.6%     0.1%
Nov 23 17:25:53     26.1     5446371       91    90.7%     89.8     0.8%     3.5%     0.0%     0.0%     5.6%     0.1%
Nov 23 17:27:06     26.2     6001705       91    90.7%     89.8     0.8%     3.5%     0.0%     0.0%     5.6%     0.1%
Nov 23 17:28:17     26.4     6557036       91    90.7%     89.8     0.8%     3.5%     0.0%     0.0%     5.6%     0.1%
Nov 23 17:29:25     26.6     7112371       91    90.7%     89.8     0.8%     3.5%     0.0%     0.0%     5.6%     0.1%
Nov 23 17:30:34     26.7     7667705       91    90.7%     89.8     0.8%     3.5%     0.0%     0.0%     5.7%     0.1%
Nov 23 17:31:46     26.8     8223035       91    90.7%     89.8     0.8%     3.5%     0.0%     0.0%     5.7%     0.1%
Nov 23 17:32:59     26.8     8778363       91    90.7%     89.8     0.8%     3.5%     0.0%     0.0%     5.7%     0.1%
Nov 23 17:34:08     27.0     9333702       91    90.7%     89.8     0.8%     3.5%     0.0%     0.0%     5.7%     0.1%
Nov 23 17:35:18     27.1     9889041       91    90.7%     89.8     0.8%     3.5%     0.0%     0.0%     5.7%     0.1%
Nov 23 17:36:28     27.1    10442727       91    90.6%     89.8     0.8%     3.5%     0.0%     0.0%     5.7%     0.1%
Nov 23 17:37:42     27.1    10996007       91    90.6%     89.8     0.8%     3.5%     0.0%     0.0%     5.7%     0.1%
Nov 23 17:38:53     27.2    11549276       91    90.6%     89.8     0.8%     3.5%     0.0%     0.0%     5.7%     0.1%
Nov 23 17:40:02     27.2    12102557       91    90.6%     89.8     0.8%     3.5%     0.0%     0.0%     5.7%     0.1%
Nov 23 17:41:12     27.3    12655837       91    90.6%     89.8     0.8%     3.5%     0.0%     0.0%     5.8%     0.1%
Nov 23 17:42:21     27.3    13209118       91    90.6%     89.8     0.8%     3.5%     0.0%     0.0%     5.8%     0.1%
Nov 23 17:43:30     27.4    13762395       91    90.6%     89.8     0.8%     3.5%     0.0%     0.0%     5.8%     0.1%
Nov 23 17:44:39     27.5    14315672       91    90.6%     89.8     0.8%     3.5%     0.0%     0.0%     5.8%     0.1%
Nov 23 17:45:45     27.5    14868962       91    90.6%     89.8     0.8%     3.5%     0.0%     0.0%     5.8%     0.1%
Nov 23 17:46:56     27.6    15422241       91    90.6%     89.8     0.8%     3.5%     0.0%     0.0%     5.8%     0.1%
Nov 23 17:48:05     27.6    15975525       91    90.6%     89.8     0.8%     3.5%     0.0%     0.0%     5.8%     0.1%
Nov 23 17:49:13     27.7    16528810       91    90.6%     89.8     0.8%     3.5%     0.0%     0.0%     5.8%     0.1%
Nov 23 17:50:20     27.7    17082096       91    90.6%     89.8     0.8%     3.5%     0.0%     0.0%     5.8%     0.1%
Nov 23 17:51:27     27.8    17635384       91    90.6%     89.8     0.8%     3.5%     0.0%     0.0%     5.7%     0.1%
Nov 23 17:52:32     27.9    18188668       91    90.6%     89.8     0.8%     3.5%     0.0%     0.0%     5.7%     0.1%
Nov 23 17:53:37     27.9    18741950       91    90.6%     89.8     0.8%     3.5%     0.0%     0.0%     5.7%     0.1%
Nov 23 17:54:47     28.0    19295239       91    90.6%     89.8     0.8%     3.5%     0.0%     0.0%     5.7%     0.1%
Nov 23 17:55:59     27.9    19848529       91    90.6%     89.8     0.8%     3.5%     0.0%     0.0%     5.7%     0.1%
Nov 23 17:57:10     27.9    20401808       91    90.6%     89.8     0.8%     3.5%     0.0%     0.0%     5.7%     0.1%
Nov 23 17:58:22     27.9    20955101       91    90.6%     89.8     0.8%     3.5%     0.0%     0.0%     5.7%     0.1%
Nov 23 17:59:31     28.0    21508384       91    90.6%     89.8     0.8%     3.5%     0.0%     0.0%     5.7%     0.1%
Nov 23 18:00:40     28.0    22061670       91    90.6%     89.8     0.8%     3.5%     0.0%     0.0%     5.7%     0.1%
Nov 23 18:01:50     28.0    22614948       91    90.6%     89.8     0.8%     3.5%     0.0%     0.0%     5.7%     0.1%
Nov 23 18:02:59     28.0    23168234       91    90.6%     89.8     0.8%     3.5%     0.0%     0.0%     5.7%     0.1%
Nov 23 18:04:08     28.0    23721518       91    90.6%     89.8     0.8%     3.5%     0.0%     0.0%     5.7%     0.1%
Nov 23 18:05:17     28.1    24274795       91    90.6%     89.8     0.8%     3.5%     0.0%     0.0%     5.7%     0.1%
Nov 23 18:06:26     28.1    24828084       91    90.6%     89.8     0.8%     3.5%     0.0%     0.0%     5.7%     0.1%
Nov 23 18:07:33     28.1    25381364       91    90.6%     89.8     0.8%     3.5%     0.0%     0.0%     5.7%     0.1%
Nov 23 18:08:41     28.1    25934655       91    90.6%     89.8     0.8%     3.5%     0.0%     0.0%     5.7%     0.1%
Nov 23 18:09:50     28.1    26487939       91    90.6%     89.8     0.8%     3.5%     0.0%     0.0%     5.7%     0.1%
Nov 23 18:11:03     28.1    27041218       91    90.6%     89.8     0.8%     3.5%     0.0%     0.0%     5.7%     0.1%
Nov 23 18:12:16     28.1    27594502       91    90.6%     89.8     0.8%     3.5%     0.0%     0.0%     5.7%     0.1%
Nov 23 18:13:29     28.1    28147790       91    90.6%     89.8     0.8%     3.5%     0.0%     0.0%     5.7%     0.1%
Nov 23 18:14:41     28.1    28701078       91    90.6%     89.8     0.8%     3.5%     0.0%     0.0%     5.7%     0.1%
Nov 23 18:15:41     28.1    29172392       91    90.6%     89.8     0.8%     3.5%     0.0%     0.0%     5.7%     0.1%
Nov 23 18:15:42	Finished 1st pass mapping
Nov 23 18:19:25     13.0      223375       91    86.1%     89.9     0.8%     8.3%     0.1%     0.0%     4.8%     0.7%
Nov 23 18:20:32     12.5      446338       91    86.1%     89.9     0.8%     8.2%     0.1%     0.0%     4.8%     0.7%
Nov 23 18:21:37     12.4      669305       91    86.1%     89.9     0.8%     8.3%     0.1%     0.0%     4.8%     0.7%
Nov 23 18:22:38     12.6      892258       91    86.1%     89.9     0.8%     8.3%     0.1%     0.0%     4.8%     0.7%
Nov 23 18:23:41     12.6     1114794       91    86.1%     89.9     0.8%     8.2%     0.1%     0.0%     4.8%     0.7%
Nov 23 18:24:41     12.7     1336925       91    86.1%     89.9     0.8%     8.2%     0.1%     0.0%     4.8%     0.7%
Nov 23 18:25:41     12.8     1559053       91    86.1%     89.9     0.8%     8.3%     0.1%     0.0%     4.8%     0.7%
Nov 23 18:26:41     12.9     1781192       91    86.1%     89.9     0.8%     8.3%     0.1%     0.0%     4.8%     0.7%
Nov 23 18:27:43     12.9     2003315       91    86.1%     89.9     0.8%     8.3%     0.1%     0.0%     4.8%     0.7%
Nov 23 18:28:43     12.9     2225454       91    86.0%     89.9     0.8%     8.3%     0.1%     0.0%     4.8%     0.7%
Nov 23 18:29:43     13.0     2447590       91    86.1%     89.9     0.8%     8.3%     0.1%     0.0%     4.8%     0.7%
Nov 23 18:30:43     13.0     2669718       91    86.1%     89.9     0.8%     8.3%     0.1%     0.0%     4.8%     0.7%
Nov 23 18:31:45     13.0     2891844       91    86.1%     89.9     0.8%     8.3%     0.1%     0.0%     4.8%     0.7%
Nov 23 18:32:45     13.0     3113980       91    86.1%     89.9     0.8%     8.3%     0.1%     0.0%     4.8%     0.7%
Nov 23 18:33:45     13.0     3336114       91    86.1%     89.9     0.8%     8.3%     0.1%     0.0%     4.8%     0.7%
Nov 23 18:34:45     13.0     3558245       91    86.0%     89.9     0.8%     8.3%     0.1%     0.0%     4.8%     0.7%
Nov 23 18:35:45     13.1     3780380       91    86.1%     89.9     0.8%     8.3%     0.1%     0.0%     4.8%     0.7%
Nov 23 18:37:12     13.1     4113581       91    86.0%     89.9     0.8%     8.3%     0.1%     0.0%     4.8%     0.7%
Nov 23 18:38:12     13.1     4335709       91    86.0%     89.9     0.8%     8.3%     0.1%     0.0%     4.8%     0.7%
Nov 23 18:39:39     13.2     4668906       91    86.0%     89.9     0.8%     8.3%     0.1%     0.0%     4.8%     0.7%
Nov 23 18:41:07     13.2     5002111       91    86.0%     89.9     0.8%     8.3%     0.1%     0.0%     4.8%     0.7%
Nov 23 18:42:07     13.2     5224245       91    86.0%     89.9     0.8%     8.3%     0.1%     0.0%     4.8%     0.7%
Nov 23 18:43:07     13.2     5446371       91    86.0%     89.9     0.8%     8.3%     0.1%     0.0%     4.8%     0.7%
Nov 23 18:44:34     13.2     5779575       91    86.0%     89.9     0.8%     8.3%     0.1%     0.0%     4.8%     0.7%
Nov 23 18:46:02     13.3     6112773       91    86.0%     89.9     0.8%     8.3%     0.1%     0.0%     4.9%     0.7%
Nov 23 18:47:30     13.3     6445973       91    86.0%     89.9     0.8%     8.3%     0.1%     0.0%     4.8%     0.7%
Nov 23 18:48:56     13.3     6779174       91    86.0%     89.9     0.8%     8.3%     0.1%     0.0%     4.9%     0.7%
Nov 23 18:50:24     13.3     7112371       91    86.0%     89.9     0.8%     8.3%     0.1%     0.0%     4.9%     0.7%
Nov 23 18:51:53     13.3     7445569       91    86.0%     89.9     0.8%     8.3%     0.1%     0.0%     4.9%     0.7%
Nov 23 18:53:21     13.3     7778772       91    86.0%     89.9     0.8%     8.3%     0.1%     0.0%     4.9%     0.7%
Nov 23 18:54:21     13.3     8000907       91    86.0%     89.9     0.8%     8.3%     0.1%     0.0%     4.9%     0.7%
Nov 23 18:55:49     13.4     8334106       91    86.0%     89.9     0.8%     8.3%     0.1%     0.0%     4.9%     0.7%
Nov 23 18:57:16     13.4     8667297       91    86.0%     89.9     0.8%     8.3%     0.1%     0.0%     4.9%     0.7%
Nov 23 18:58:45     13.4     9000503       91    86.0%     89.9     0.8%     8.3%     0.1%     0.0%     4.9%     0.7%
Nov 23 19:00:12     13.4     9333702       91    86.0%     89.9     0.8%     8.3%     0.1%     0.0%     4.9%     0.7%
Nov 23 19:01:12     13.4     9555835       91    86.0%     89.9     0.8%     8.3%     0.1%     0.0%     4.9%     0.7%
Nov 23 19:02:40     13.4     9889041       91    86.0%     89.9     0.8%     8.3%     0.1%     0.0%     4.9%     0.7%
Nov 23 19:04:08     13.4    10221422       91    86.0%     89.9     0.8%     8.3%     0.1%     0.0%     4.9%     0.7%
Nov 23 19:05:08     13.4    10442727       91    86.0%     89.9     0.8%     8.3%     0.1%     0.0%     4.9%     0.7%
Nov 23 19:06:35     13.4    10774699       91    86.0%     89.9     0.8%     8.3%     0.1%     0.0%     4.9%     0.7%
Nov 23 19:08:02     13.4    11106664       91    86.0%     89.9     0.8%     8.3%     0.1%     0.0%     4.9%     0.7%
Nov 23 19:09:29     13.4    11438629       91    86.0%     89.9     0.8%     8.3%     0.1%     0.0%     4.9%     0.7%
Nov 23 19:10:55     13.4    11770594       91    86.0%     89.9     0.8%     8.3%     0.1%     0.0%     4.9%     0.7%
Nov 23 19:12:21     13.5    12102557       91    86.0%     89.9     0.8%     8.3%     0.1%     0.0%     4.9%     0.7%
Nov 23 19:13:47     13.5    12434528       91    85.9%     89.9     0.8%     8.3%     0.1%     0.0%     4.9%     0.7%
Nov 23 19:15:14     13.5    12766492       91    85.9%     89.9     0.8%     8.3%     0.1%     0.0%     4.9%     0.7%
Nov 23 19:16:40     13.5    13098463       91    85.9%     89.9     0.8%     8.3%     0.1%     0.0%     5.0%     0.7%
Nov 23 19:18:06     13.5    13430428       91    85.9%     89.9     0.8%     8.3%     0.1%     0.0%     5.0%     0.7%
Nov 23 19:19:33     13.5    13762395       91    85.9%     89.9     0.8%     8.3%     0.1%     0.0%     5.0%     0.7%
Nov 23 19:21:00     13.5    14094364       91    85.9%     89.9     0.8%     8.3%     0.1%     0.0%     5.0%     0.7%
Nov 23 19:22:26     13.5    14426332       91    85.9%     89.9     0.8%     8.3%     0.1%     0.0%     5.0%     0.7%
Nov 23 19:23:51     13.5    14758302       91    85.9%     89.9     0.8%     8.3%     0.1%     0.0%     5.0%     0.7%
Nov 23 19:25:17     13.5    15090276       91    85.9%     89.9     0.8%     8.3%     0.1%     0.0%     5.0%     0.7%
Nov 23 19:26:43     13.5    15422241       91    85.9%     89.9     0.8%     8.3%     0.1%     0.0%     5.0%     0.7%
Nov 23 19:28:10     13.5    15754207       91    85.9%     89.9     0.8%     8.3%     0.1%     0.0%     5.0%     0.7%
Nov 23 19:29:37     13.5    16086187       91    85.9%     89.9     0.8%     8.3%     0.1%     0.0%     5.0%     0.7%
Nov 23 19:31:02     13.6    16418157       91    85.9%     89.9     0.8%     8.3%     0.1%     0.0%     5.0%     0.7%
Nov 23 19:32:29     13.6    16750124       91    85.9%     89.9     0.8%     8.3%     0.1%     0.0%     5.0%     0.7%
Nov 23 19:33:56     13.6    17082096       91    85.9%     89.9     0.8%     8.3%     0.1%     0.0%     4.9%     0.7%
Nov 23 19:35:22     13.6    17414064       91    85.9%     89.9     0.8%     8.3%     0.1%     0.0%     4.9%     0.7%
Nov 23 19:36:47     13.6    17746033       91    86.0%     89.9     0.8%     8.3%     0.1%     0.0%     4.9%     0.7%
Nov 23 19:38:12     13.6    18078006       91    86.0%     89.9     0.8%     8.3%     0.1%     0.0%     4.9%     0.7%
Nov 23 19:39:38     13.6    18409987       91    86.0%     89.9     0.8%     8.3%     0.1%     0.0%     4.9%     0.7%
Nov 23 19:41:04     13.6    18741950       91    86.0%     89.9     0.8%     8.3%     0.1%     0.0%     4.9%     0.7%
Nov 23 19:42:30     13.6    19073920       91    86.0%     89.9     0.8%     8.3%     0.1%     0.0%     4.9%     0.7%
Nov 23 19:43:57     13.6    19405899       91    86.0%     89.9     0.8%     8.3%     0.1%     0.0%     4.9%     0.7%
Nov 23 19:45:22     13.6    19737871       91    86.0%     89.9     0.8%     8.3%     0.1%     0.0%     4.9%     0.7%
Nov 23 19:46:46     13.6    20069842       91    86.0%     89.9     0.8%     8.3%     0.1%     0.0%     4.9%     0.7%
Nov 23 19:48:11     13.6    20401808       91    86.0%     89.9     0.8%     8.3%     0.1%     0.0%     4.9%     0.7%
Nov 23 19:49:38     13.6    20733781       91    86.0%     89.9     0.8%     8.3%     0.1%     0.0%     4.9%     0.7%
Nov 23 19:51:02     13.6    21065757       91    86.0%     89.9     0.8%     8.3%     0.1%     0.0%     4.9%     0.7%
Nov 23 19:52:27     13.6    21397729       91    86.0%     89.9     0.8%     8.3%     0.1%     0.0%     4.9%     0.7%
Nov 23 19:53:51     13.7    21729698       91    86.0%     89.9     0.8%     8.3%     0.1%     0.0%     4.9%     0.7%
Nov 23 19:55:15     13.7    22061670       91    86.0%     89.9     0.8%     8.3%     0.1%     0.0%     4.9%     0.7%
Nov 23 19:56:38     13.7    22393640       91    86.0%     89.9     0.8%     8.3%     0.1%     0.0%     4.9%     0.7%
Nov 23 19:58:03     13.7    22725608       91    86.0%     89.9     0.8%     8.3%     0.1%     0.0%     4.9%     0.7%
Nov 23 19:59:27     13.7    23057577       91    86.0%     89.9     0.8%     8.3%     0.1%     0.0%     4.9%     0.7%
Nov 23 20:00:52     13.7    23389547       91    86.0%     89.9     0.8%     8.3%     0.1%     0.0%     4.9%     0.7%
Nov 23 20:02:17     13.7    23721518       91    86.0%     89.9     0.8%     8.3%     0.1%     0.0%     4.9%     0.7%
Nov 23 20:03:41     13.7    24053493       91    86.0%     89.9     0.8%     8.3%     0.1%     0.0%     4.9%     0.7%
Nov 23 20:05:06     13.7    24385458       91    86.0%     89.9     0.8%     8.3%     0.1%     0.0%     4.9%     0.7%
Nov 23 20:06:32     13.7    24717429       91    86.0%     89.9     0.8%     8.3%     0.1%     0.0%     4.9%     0.7%
Nov 23 20:07:58     13.7    25049393       91    86.0%     89.9     0.8%     8.3%     0.1%     0.0%     4.9%     0.7%
Nov 23 20:09:24     13.7    25381364       91    86.0%     89.9     0.8%     8.3%     0.1%     0.0%     4.9%     0.7%
Nov 23 20:10:51     13.7    25713339       91    86.0%     89.9     0.8%     8.3%     0.1%     0.0%     4.9%     0.7%
Nov 23 20:12:16     13.7    26045306       91    86.0%     89.9     0.8%     8.3%     0.1%     0.0%     4.9%     0.7%
Nov 23 20:13:41     13.7    26377275       91    86.0%     89.9     0.8%     8.3%     0.1%     0.0%     4.9%     0.7%
Nov 23 20:14:41     13.7    26598593       91    86.0%     89.9     0.8%     8.3%     0.1%     0.0%     4.9%     0.7%
Nov 23 20:16:09     13.7    26930563       91    86.0%     89.9     0.8%     8.3%     0.1%     0.0%     4.9%     0.7%
Nov 23 20:17:34     13.7    27262530       91    86.0%     89.9     0.8%     8.3%     0.1%     0.0%     4.9%     0.7%
Nov 23 20:19:01     13.7    27594502       91    86.0%     89.9     0.8%     8.3%     0.1%     0.0%     4.9%     0.7%
Nov 23 20:20:27     13.7    27926474       91    86.0%     89.9     0.8%     8.3%     0.1%     0.0%     4.9%     0.7%
Nov 23 20:21:53     13.7    28258443       91    86.0%     89.9     0.8%     8.3%     0.1%     0.0%     4.9%     0.7%
Nov 23 20:23:19     13.7    28590419       91    86.0%     89.9     0.8%     8.3%     0.1%     0.0%     4.9%     0.7%
